Performing C++ SOURCE FILE Test HAVE_UINT128_T failed with the following output:
Change Dir: /home/abdohomad/workspace/ns-allinone-3.42/ns-3.42/cmake-cache/CMakeFiles/CMakeTmp

Run Build Command(s):/usr/bin/gmake -f Makefile cmTC_8b0bd/fast && /usr/bin/gmake  -f CMakeFiles/cmTC_8b0bd.dir/build.make CMakeFiles/cmTC_8b0bd.dir/build
gmake[1]: Entering directory '/home/abdohomad/workspace/ns-allinone-3.42/ns-3.42/cmake-cache/CMakeFiles/CMakeTmp'
Building CXX object CMakeFiles/cmTC_8b0bd.dir/src.cxx.o
/usr/bin/c++ -DHAVE_UINT128_T  -fPIE -std=c++20 -o CMakeFiles/cmTC_8b0bd.dir/src.cxx.o -c /home/abdohomad/workspace/ns-allinone-3.42/ns-3.42/cmake-cache/CMakeFiles/CMakeTmp/src.cxx
/home/abdohomad/workspace/ns-allinone-3.42/ns-3.42/cmake-cache/CMakeFiles/CMakeTmp/src.cxx: In function ‘int main()’:
/home/abdohomad/workspace/ns-allinone-3.42/ns-3.42/cmake-cache/CMakeFiles/CMakeTmp/src.cxx:4:18: error: ‘uint128_t’ was not declared in this scope; did you mean ‘uint8_t’?
    4 |             if ((uint128_t *) 0) return 0;
      |                  ^~~~~~~~~
      |                  uint8_t
/home/abdohomad/workspace/ns-allinone-3.42/ns-3.42/cmake-cache/CMakeFiles/CMakeTmp/src.cxx:4:29: error: expected primary-expression before ‘)’ token
    4 |             if ((uint128_t *) 0) return 0;
      |                             ^
/home/abdohomad/workspace/ns-allinone-3.42/ns-3.42/cmake-cache/CMakeFiles/CMakeTmp/src.cxx:4:30: error: expected ‘)’ before numeric constant
    4 |             if ((uint128_t *) 0) return 0;
      |                ~             ^~
      |                              )
/home/abdohomad/workspace/ns-allinone-3.42/ns-3.42/cmake-cache/CMakeFiles/CMakeTmp/src.cxx:5:25: error: ‘uint128_t’ was not declared in this scope; did you mean ‘uint8_t’?
    5 |             if (sizeof (uint128_t)) return 0;
      |                         ^~~~~~~~~
      |                         uint8_t
gmake[1]: *** [CMakeFiles/cmTC_8b0bd.dir/build.make:78: CMakeFiles/cmTC_8b0bd.dir/src.cxx.o] Error 1
gmake[1]: Leaving directory '/home/abdohomad/workspace/ns-allinone-3.42/ns-3.42/cmake-cache/CMakeFiles/CMakeTmp'
gmake: *** [Makefile:127: cmTC_8b0bd/fast] Error 2


Source file was:
#include <stdint.h>
       int main()
         {
            if ((uint128_t *) 0) return 0;
            if (sizeof (uint128_t)) return 0;
            return 1;
         }
Determining if the function protobuf_generate exists failed with the following output:
Change Dir: /home/abdohomad/workspace/ns-allinone-3.42/ns-3.42/cmake-cache/CMakeFiles/CMakeTmp

Run Build Command(s):/usr/bin/gmake -f Makefile cmTC_ff7a3/fast && /usr/bin/gmake  -f CMakeFiles/cmTC_ff7a3.dir/build.make CMakeFiles/cmTC_ff7a3.dir/build
gmake[1]: Entering directory '/home/abdohomad/workspace/ns-allinone-3.42/ns-3.42/cmake-cache/CMakeFiles/CMakeTmp'
Building C object CMakeFiles/cmTC_ff7a3.dir/CheckFunctionExists.c.o
/usr/bin/cc   -DCHECK_FUNCTION_EXISTS=protobuf_generate -fPIE -o CMakeFiles/cmTC_ff7a3.dir/CheckFunctionExists.c.o -c /usr/share/cmake-3.22/Modules/CheckFunctionExists.c
Linking C executable cmTC_ff7a3
/usr/bin/cmake -E cmake_link_script CMakeFiles/cmTC_ff7a3.dir/link.txt --verbose=1
/usr/bin/cc  -DCHECK_FUNCTION_EXISTS=protobuf_generate CMakeFiles/cmTC_ff7a3.dir/CheckFunctionExists.c.o -o cmTC_ff7a3 
/usr/bin/ld: CMakeFiles/cmTC_ff7a3.dir/CheckFunctionExists.c.o: in function `main':
CheckFunctionExists.c:(.text+0x14): undefined reference to `protobuf_generate'
collect2: error: ld returned 1 exit status
gmake[1]: *** [CMakeFiles/cmTC_ff7a3.dir/build.make:99: cmTC_ff7a3] Error 1
gmake[1]: Leaving directory '/home/abdohomad/workspace/ns-allinone-3.42/ns-3.42/cmake-cache/CMakeFiles/CMakeTmp'
gmake: *** [Makefile:127: cmTC_ff7a3/fast] Error 2



Determining if the include file net/netmap_user.h exists failed with the following output:
Change Dir: /home/abdohomad/workspace/ns-allinone-3.42/ns-3.42/cmake-cache/CMakeFiles/CMakeTmp

Run Build Command(s):/usr/bin/gmake -f Makefile cmTC_4a730/fast && /usr/bin/gmake  -f CMakeFiles/cmTC_4a730.dir/build.make CMakeFiles/cmTC_4a730.dir/build
gmake[1]: Entering directory '/home/abdohomad/workspace/ns-allinone-3.42/ns-3.42/cmake-cache/CMakeFiles/CMakeTmp'
Building C object CMakeFiles/cmTC_4a730.dir/CheckIncludeFile.c.o
/usr/bin/cc   -fPIE -o CMakeFiles/cmTC_4a730.dir/CheckIncludeFile.c.o -c /home/abdohomad/workspace/ns-allinone-3.42/ns-3.42/cmake-cache/CMakeFiles/CMakeTmp/CheckIncludeFile.c
/home/abdohomad/workspace/ns-allinone-3.42/ns-3.42/cmake-cache/CMakeFiles/CMakeTmp/CheckIncludeFile.c:1:10: fatal error: net/netmap_user.h: No such file or directory
    1 | #include <net/netmap_user.h>
      |          ^~~~~~~~~~~~~~~~~~~
compilation terminated.
gmake[1]: *** [CMakeFiles/cmTC_4a730.dir/build.make:78: CMakeFiles/cmTC_4a730.dir/CheckIncludeFile.c.o] Error 1
gmake[1]: Leaving directory '/home/abdohomad/workspace/ns-allinone-3.42/ns-3.42/cmake-cache/CMakeFiles/CMakeTmp'
gmake: *** [Makefile:127: cmTC_4a730/fast] Error 2



